2017-8-31 16:57:13[ERROR](JUnitTest.java:33) 11
2017-8-31 16:57:29[ERROR](JUnitTest.java:33) 11
